d:\uni\graphics\thelastofzombawy\openglme.2ee1f2c2\debug\vc143.pdb
d:\uni\graphics\thelastofzombawy\openglme.2ee1f2c2\debug\vc143.idb
d:\uni\graphics\thelastofzombawy\openglme.2ee1f2c2\debug\renderenviroment.obj
d:\uni\graphics\thelastofzombawy\openglme.2ee1f2c2\debug\shooter.obj
d:\uni\graphics\thelastofzombawy\openglme.2ee1f2c2\debug\main.obj
d:\uni\graphics\thelastofzombawy\openglme.2ee1f2c2\debug\model_3ds.obj
d:\uni\graphics\thelastofzombawy\openglme.2ee1f2c2\debug\medkit.obj
d:\uni\graphics\thelastofzombawy\openglme.2ee1f2c2\debug\gltexture.obj
d:\uni\graphics\thelastofzombawy\openglme.2ee1f2c2\debug\boundingbox.obj
d:\uni\graphics\thelastofzombawy\openglme.2ee1f2c2\debug\zombie.obj
d:\uni\graphics\thelastofzombawy\openglme.2ee1f2c2\debug\sound.obj
d:\uni\graphics\thelastofzombawy\openglme.2ee1f2c2\debug\key.obj
d:\uni\graphics\thelastofzombawy\openglme.2ee1f2c2\debug\game.obj
d:\uni\graphics\thelastofzombawy\openglme.2ee1f2c2\debug\coin.obj
d:\uni\graphics\thelastofzombawy\openglme.2ee1f2c2\debug\bullet.obj
d:\uni\graphics\thelastofzombawy\openglme.2ee1f2c2\debug\boudingbox.obj
d:\uni\graphics\thelastofzombawy\debug\openglmeshloader19.pdb
d:\uni\graphics\thelastofzombawy\openglme.2ee1f2c2\debug\openglme.2ee1f2c2.tlog\cl.command.1.tlog
d:\uni\graphics\thelastofzombawy\openglme.2ee1f2c2\debug\openglme.2ee1f2c2.tlog\cl.items.tlog
d:\uni\graphics\thelastofzombawy\openglme.2ee1f2c2\debug\openglme.2ee1f2c2.tlog\cl.read.1.tlog
d:\uni\graphics\thelastofzombawy\openglme.2ee1f2c2\debug\openglme.2ee1f2c2.tlog\cl.write.1.tlog
d:\uni\graphics\thelastofzombawy\openglme.2ee1f2c2\debug\openglme.2ee1f2c2.tlog\link-cvtres.read.1.tlog
d:\uni\graphics\thelastofzombawy\openglme.2ee1f2c2\debug\openglme.2ee1f2c2.tlog\link-cvtres.write.1.tlog
d:\uni\graphics\thelastofzombawy\openglme.2ee1f2c2\debug\openglme.2ee1f2c2.tlog\link-rc.read.1.tlog
d:\uni\graphics\thelastofzombawy\openglme.2ee1f2c2\debug\openglme.2ee1f2c2.tlog\link-rc.write.1.tlog
d:\uni\graphics\thelastofzombawy\openglme.2ee1f2c2\debug\openglme.2ee1f2c2.tlog\link.command.1.tlog
d:\uni\graphics\thelastofzombawy\openglme.2ee1f2c2\debug\openglme.2ee1f2c2.tlog\link.read.1.tlog
d:\uni\graphics\thelastofzombawy\openglme.2ee1f2c2\debug\openglme.2ee1f2c2.tlog\link.secondary.1.tlog
d:\uni\graphics\thelastofzombawy\openglme.2ee1f2c2\debug\openglme.2ee1f2c2.tlog\link.write.1.tlog
